<?xml version="1.0" encoding="UTF-8"?>
<!-- Generated by org.testng.reporters.JUnitReportReporter -->
<testsuite hostname="DESKTOP-QQACKJ4" name="runner.RunCukes" tests="3" failures="0" timestamp="29 Oct 2018 15:32:27 GMT" time="523.214" errors="0">
  <testcase name="feature" time="181.153" classname="runner.RunCukes"/>
  <testcase name="feature" time="182.436" classname="runner.RunCukes"/>
  <testcase name="feature" time="159.625" classname="runner.RunCukes"/>
</testsuite> <!-- runner.RunCukes -->
